<?xml version="1.0" encoding="UTF-8"?>
<testng-results ignored="0" total="2" passed="2" failed="0" skipped="0">
  <reporter-output>
  </reporter-output>
  <suite started-at="2023-06-24T23:31:38 IST" name="Suite" finished-at="2023-06-24T23:32:04 IST" duration-ms="26186">
    <groups>
    </groups>
    <test started-at="2023-06-24T23:31:38 IST" name="Test" finished-at="2023-06-24T23:32:04 IST" duration-ms="26186">
      <class name="testcases.CreatLead">
        <test-method is-config="true" signature="precondition()[pri:0, instance:testcases.CreatLead@7e7be63f]" started-at="2023-06-24T23:31:38 IST" name="precondition" finished-at="2023-06-24T23:31:43 IST" duration-ms="5141" status="PASS">
          <reporter-output>
          </reporter-output>
        </test-method> <!-- precondition -->
        <test-method signature="runCreatLead()[pri:0, instance:testcases.CreatLead@7e7be63f]" started-at="2023-06-24T23:31:43 IST" name="runCreatLead" finished-at="2023-06-24T23:32:04 IST" duration-ms="20834" status="PASS">
          <reporter-output>
          </reporter-output>
        </test-method> <!-- runCreatLead -->
        <test-method is-config="true" signature="postcondition()[pri:0, instance:testcases.CreatLead@7e7be63f]" started-at="2023-06-24T23:32:04 IST" name="postcondition" finished-at="2023-06-24T23:32:04 IST" duration-ms="177" status="PASS">
          <reporter-output>
          </reporter-output>
        </test-method> <!-- postcondition -->
      </class> <!-- testcases.CreatLead -->
      <class name="testcases.LoginAndLogout">
        <test-method is-config="true" signature="precondition()[pri:0, instance:testcases.LoginAndLogout@1e683a3e]" started-at="2023-06-24T23:31:38 IST" name="precondition" finished-at="2023-06-24T23:31:44 IST" duration-ms="5526" status="PASS">
          <reporter-output>
          </reporter-output>
        </test-method> <!-- precondition -->
        <test-method signature="runLogin()[pri:0, instance:testcases.LoginAndLogout@1e683a3e]" started-at="2023-06-24T23:31:44 IST" name="runLogin" finished-at="2023-06-24T23:31:45 IST" duration-ms="1424" status="PASS">
          <reporter-output>
          </reporter-output>
        </test-method> <!-- runLogin -->
        <test-method is-config="true" signature="postcondition()[pri:0, instance:testcases.LoginAndLogout@1e683a3e]" started-at="2023-06-24T23:31:45 IST" name="postcondition" finished-at="2023-06-24T23:31:45 IST" duration-ms="129" status="PASS">
          <reporter-output>
          </reporter-output>
        </test-method> <!-- postcondition -->
      </class> <!-- testcases.LoginAndLogout -->
    </test> <!-- Test -->
  </suite> <!-- Suite -->
</testng-results>
